2025-03-21 23:53:38 [http-nio-8080-exec-1] DEBUG org.hibernate.SQL - 
    insert 
    into
        user
        (created_at, email, name, role, updated_at, active, last_login, user_type) 
    values
        (?, ?, ?, ?, ?, ?, ?, 'ADMIN')
2025-03-21 23:54:30 [http-nio-8080-exec-3] DEBUG org.hibernate.SQL - 
    insert 
    into
        user
        (created_at, email, name, role, updated_at, available, cnh, rating, color, model, plate, vehicle_type, user_type) 
    values
        (?, ?, ?, ?, ?, ?, ?, ?, ?, ?, ?, ?, 'DELIVERY_MAN')
2025-03-21 23:56:45 [http-nio-8080-exec-1] DEBUG org.hibernate.SQL - 
    select
        u1_0.id,
        u1_0.user_type,
        u1_0.created_at,
        u1_0.email,
        u1_0.name,
        u1_0.role,
        u1_0.updated_at,
        u1_0.active,
        u1_0.last_login,
        u1_0.available,
        u1_0.cnh,
        u1_0.rating,
        u1_0.color,
        u1_0.model,
        u1_0.plate,
        u1_0.vehicle_type 
    from
        user u1_0
